20230416	17:47:21	7d8f0464-3743-4c28-bfba-eb5fe08167b1	SyntaxError: Expected ',' or '}' after property value in JSON at position 46	GET	/auth	undefined
20230505	23:08:50	1f0b6b78-b543-4e6f-86cf-97ebcc9ccc76	Too Many Requests: Too many login attempts from this IP, please try again after a 60 second pause	POST	/	http://localhost:3000
20230505	23:08:51	201bef40-24d3-43d2-9cf2-61996f5b769f	Too Many Requests: Too many login attempts from this IP, please try again after a 60 second pause	POST	/	http://localhost:3000
20230505	23:08:51	5a4b372e-1f17-4a5a-9faf-c6a04e68e35e	Too Many Requests: Too many login attempts from this IP, please try again after a 60 second pause	POST	/	http://localhost:3000
20230505	23:08:51	c7af4587-6760-49a9-8bf5-ca94f3cab536	Too Many Requests: Too many login attempts from this IP, please try again after a 60 second pause	POST	/	http://localhost:3000
20230508	14:22:31	88be62a6-b17c-4fe2-b717-3df74cff6d3e	Too Many Requests: Too many login attempts from this IP, please try again after a 60 second pause	POST	/	http://localhost:3000
20230508	14:22:31	95ec2d44-52d4-4ff9-b1d0-5257fbf5ca80	Too Many Requests: Too many login attempts from this IP, please try again after a 60 second pause	POST	/	http://localhost:3000
20230508	16:02:22	0631c81f-e04b-4ec2-8ee7-9a5005f1f397	TypeError: Cannot read properties of undefined (reading 'data')	GET	/users	http://localhost:3000
20230508	18:07:51	acdb1b5c-2dcc-4a87-ac73-56440f60d011	Too Many Requests: Too many login attempts from this IP, please try again after a 60 second pause	POST	/	http://localhost:3000
20230512	17:09:19	cdf04897-b32d-4a14-ad57-8973a3bc9c22	PayloadTooLargeError: request entity too large	POST	/users	http://localhost:3000
20230512	18:27:51	a58cb0b0-5a7b-4703-b36b-e034989ea840	PayloadTooLargeError: request entity too large	POST	/users	http://localhost:3000
20230512	18:32:10	4fb3c0c3-997f-4101-8360-c6e3dab8d7c0	PayloadTooLargeError: request entity too large	POST	/users	http://localhost:3000
20230512	18:35:27	9d0742fb-54b2-4978-bff7-0fcc3f79d0e3	PayloadTooLargeError: request entity too large	POST	/users	http://localhost:3000
20230512	18:37:57	01588dfc-6e84-4e97-8cd8-31ca2dee9a04	PayloadTooLargeError: request entity too large	POST	/users	http://localhost:3000
20230512	18:44:30	c934de2a-56ce-4cac-8e97-951ec9dc9e54	PayloadTooLargeError: request entity too large	POST	/users	http://localhost:3000
20230512	21:10:36	5569f1d7-1f5f-4407-8abe-e291b38d7f56	PayloadTooLargeError: request entity too large	POST	/users	http://localhost:3000
20230512	21:16:22	704b0355-a68f-4f59-a1d5-db21f507aec6	PayloadTooLargeError: request entity too large	POST	/users	http://localhost:3000
20230512	21:24:31	2a3a7a02-0b29-480a-ab82-8007c226ea29	PayloadTooLargeError: request entity too large	POST	/users	http://localhost:3000
20230512	21:26:49	fb9ffcec-4930-4988-85d4-19148fb4df63	SyntaxError: Expected double-quoted property name in JSON at position 150	GET	/users	undefined
20230512	21:27:07	d131a34d-e96b-40af-a23a-e2ba92c354d6	SyntaxError: Expected double-quoted property name in JSON at position 145	GET	/users	undefined
20230512	21:28:31	9959200d-7de8-46f4-8cd4-eac2117cda3b	TypeError: Cannot read properties of undefined (reading 'myFile')	POST	/users	undefined
20230512	21:30:22	42654fb0-eea3-407e-8936-8fab19e8214a	TypeError: Cannot read properties of undefined (reading 'myFile')	POST	/users	undefined
20230512	21:30:53	055f6cde-6bb9-497a-b2f0-8bccd5765f5b	TypeError: Cannot read properties of undefined (reading 'myFile')	POST	/users	undefined
20230512	21:37:59	724f25b7-5ecd-4fd0-be8e-7ef4b1350266	TypeError: Cannot read properties of undefined (reading 'myFile')	POST	/users	undefined
20230512	21:42:59	62e6695c-d75b-4de2-b6f6-de80c0d948c1	PayloadTooLargeError: request entity too large	POST	/users	http://localhost:3000
20230512	21:50:09	1efb51d7-e4f9-4067-9755-a5ea16910ef9	PayloadTooLargeError: request entity too large	POST	/users	http://localhost:3000
20230512	21:52:24	4984d7f0-b4ba-473a-ba8f-63839557a365	PayloadTooLargeError: request entity too large	POST	/users	http://localhost:3000
20230514	12:58:57	bf2ca4a6-7b81-49cf-b0c7-513c64154883	SyntaxError: Expected double-quoted property name in JSON at position 192	GET	/users	undefined
20230515	14:02:32	718ff3c5-f05c-4d83-b861-9a7474f28ed6	TypeError: Invalid sort value: { interest: [object Object] }	GET	/users/filter	undefined
20230515	14:05:11	9004ea65-a186-4bc8-bbd0-5e892d93b3d9	ReferenceError: handsome is not defined	GET	/users/filter	undefined
20230515	14:19:21	e81cbb4d-03df-435a-8832-79bc27da30e0	ReferenceError: handsome is not defined	GET	/users/filter	undefined
20230515	14:22:15	52df2e83-d249-434e-aef6-602fa5813e2e	ReferenceError: maleUserInterests is not defined	GET	/users/filter	undefined
20230515	14:24:35	ea017206-e5f7-42a1-a6ba-25be2d29a102	ReferenceError: users is not defined	GET	/users/filter	undefined
20230515	16:49:23	9a9b320f-0d02-40b3-8c3e-d18e53b2caa7	SyntaxError: Expected ',' or '}' after property value in JSON at position 27	GET	/users	undefined
20230515	16:49:47	680010a0-5de9-4d74-91a6-e5987280ac09	TypeError: Cannot read properties of undefined (reading 'myFile')	PATCH	/users	undefined
20230515	17:00:18	eca4cfbe-902a-4b1a-b143-813fd2bb616d	ReferenceError: user is not defined	GET	/users/filter?gender=male&interest=hiking%2Cswimming%2Ckayaking	http://localhost:3000
20230515	17:03:18	c29a9061-30bf-4588-8898-cfd274edbf3e	MongoServerError: PlanExecutor error during aggregation :: caused by :: The argument to $size must be an array, but was of type: null	GET	/users/filter?gender=male&interest=hiking%2Cswimming%2Ckayaking	http://localhost:3000
20230515	17:03:36	052cadef-fd74-467d-b1e4-9d0196191614	MongoServerError: PlanExecutor error during aggregation :: caused by :: The argument to $size must be an array, but was of type: null	GET	/users/filter?gender=male&interest=hiking%2Cswimming%2Ckayaking	http://localhost:3000
20230515	17:03:38	e91ed29d-a626-4686-ad2f-225e419e727f	MongoServerError: PlanExecutor error during aggregation :: caused by :: The argument to $size must be an array, but was of type: null	GET	/users/filter?	http://localhost:3000
20230515	17:03:39	d706f478-4f4a-4c9a-b5a0-9c650bae2cb8	MongoServerError: PlanExecutor error during aggregation :: caused by :: The argument to $size must be an array, but was of type: null	GET	/users/filter?gender=male&interest=hiking%2Cswimming%2Ckayaking	http://localhost:3000
20230515	17:03:52	1b785de1-1ef5-4822-a0be-a1c7e2d9f67b	MongoServerError: PlanExecutor error during aggregation :: caused by :: The argument to $size must be an array, but was of type: null	GET	/users/filter?gender=male&interest=hiking%2Cswimming%2Ckayaking	http://localhost:3000
20230515	17:04:51	11218147-0a44-4510-964c-0e50e5110ada	MongoServerError: PlanExecutor error during aggregation :: caused by :: The argument to $size must be an array, but was of type: null	GET	/users/filter?gender=male&interest=hiking%2Cswimming%2Ckayaking	http://localhost:3000
20230515	17:04:52	5cbbf87d-e628-4b2e-87eb-f6d843cb3658	MongoServerError: PlanExecutor error during aggregation :: caused by :: The argument to $size must be an array, but was of type: null	GET	/users/filter?gender=male&interest=hiking%2Cswimming%2Ckayaking	http://localhost:3000
20230515	17:05:01	d6deec15-f160-43f4-af2a-d1b5133a5fcb	MongoServerError: PlanExecutor error during aggregation :: caused by :: The argument to $size must be an array, but was of type: null	GET	/users/filter?gender=male&interest=hiking%2Cswimming%2Ckayaking	http://localhost:3000
20230515	17:06:00	7ada113f-a655-4964-a9e0-7cb9ac5238be	MongoServerError: PlanExecutor error during aggregation :: caused by :: The argument to $size must be an array, but was of type: null	GET	/users/filter?gender=male&interest=hiking%2Cswimming%2Ckayaking	http://localhost:3000
20230515	17:07:01	3d42efd6-797a-4a75-928b-0488e6161271	MongoServerError: PlanExecutor error during aggregation :: caused by :: The argument to $size must be an array, but was of type: null	GET	/users/filter?gender=male&interest=hiking%2Cswimming%2Ckayaking	http://localhost:3000
20230515	17:07:29	f4886a61-a5a7-4bab-94d6-36da143e322e	MongoServerError: PlanExecutor error during aggregation :: caused by :: The argument to $size must be an array, but was of type: null	GET	/users/filter?gender=male&interest=hiking%2Cswimming%2Ckayaking	http://localhost:3000
20230515	17:08:05	2d535bb3-96a1-48cb-bf0b-0ba7af189c22	MongoServerError: PlanExecutor error during aggregation :: caused by :: The argument to $size must be an array, but was of type: null	GET	/users/filter?gender=male&interest=hiking%2Cswimming%2Ckayaking	http://localhost:3000
20230515	17:09:05	dc58fbe5-30c3-4e98-92f9-534603e5c349	MongoServerError: PlanExecutor error during aggregation :: caused by :: The argument to $size must be an array, but was of type: null	GET	/users/filter?gender=male&interest=hiking%2Cswimming%2Ckayaking	http://localhost:3000
20230515	17:09:09	001418dc-0d39-4e2f-8832-fddb72d60060	MongoServerError: PlanExecutor error during aggregation :: caused by :: The argument to $size must be an array, but was of type: null	GET	/users/filter?gender=male&interest=hiking%2Cswimming%2Ckayaking	http://localhost:3000
20230515	17:09:48	8d68bc69-5976-4a5a-8c1b-87a3dc4047a8	MongoServerError: PlanExecutor error during aggregation :: caused by :: The argument to $size must be an array, but was of type: null	GET	/users/filter?gender=male&interest=hiking%2Cswimming%2Ckayaking	http://localhost:3000
20230515	17:10:49	0eb3f56f-f526-4aab-a549-2890011d18ce	MongoServerError: PlanExecutor error during aggregation :: caused by :: The argument to $size must be an array, but was of type: null	GET	/users/filter?gender=male&interest=hiking%2Cswimming%2Ckayaking	http://localhost:3000
20230515	17:11:31	9df67edb-3564-4d9e-8a34-8d32819b0754	MongoServerError: PlanExecutor error during aggregation :: caused by :: The argument to $size must be an array, but was of type: null	GET	/users/filter?gender=male&interest=hiking%2Cswimming%2Ckayaking	http://localhost:3000
20230515	17:11:39	14574569-9f02-463e-9c15-e0701df22532	MongoServerError: PlanExecutor error during aggregation :: caused by :: The argument to $size must be an array, but was of type: null	GET	/users/filter?gender=male&interest=hiking%2Cswimming%2Ckayaking	http://localhost:3000
20230515	17:12:03	3fafb850-3f1f-4ea4-a83c-770836106395	MongoServerError: PlanExecutor error during aggregation :: caused by :: The argument to $size must be an array, but was of type: null	GET	/users/filter?gender=male&interest=hiking%2Cswimming%2Ckayaking	http://localhost:3000
20230515	17:12:05	0a554873-bfe8-45f0-941e-4fdcdc7ab359	MongoServerError: PlanExecutor error during aggregation :: caused by :: The argument to $size must be an array, but was of type: null	GET	/users/filter?gender=male&interest=hiking%2Cswimming%2Ckayaking	http://localhost:3000
20230515	17:13:06	b4af7473-40a7-4644-81bf-3cfeb851d773	MongoServerError: PlanExecutor error during aggregation :: caused by :: The argument to $size must be an array, but was of type: null	GET	/users/filter?gender=male&interest=hiking%2Cswimming%2Ckayaking	http://localhost:3000
20230515	17:14:06	c7b7588c-c606-46a8-9d35-fede5318d2c9	MongoServerError: PlanExecutor error during aggregation :: caused by :: The argument to $size must be an array, but was of type: null	GET	/users/filter?gender=male&interest=hiking%2Cswimming%2Ckayaking	http://localhost:3000
20230515	17:14:38	b1933ef5-3120-4b50-a609-56698eaf6bc6	MongoServerError: PlanExecutor error during aggregation :: caused by :: The argument to $size must be an array, but was of type: null	GET	/users/filter?gender=male&interest=hiking%2Cswimming%2Ckayaking	http://localhost:3000
20230515	17:15:39	b5944c99-cdce-4fc7-83fd-be74d0b8f46a	MongoServerError: PlanExecutor error during aggregation :: caused by :: The argument to $size must be an array, but was of type: null	GET	/users/filter?gender=male&interest=hiking%2Cswimming%2Ckayaking	http://localhost:3000
20230515	17:16:40	2c389579-d8e3-44b1-84b5-3c4eba1031ba	MongoServerError: PlanExecutor error during aggregation :: caused by :: The argument to $size must be an array, but was of type: null	GET	/users/filter?gender=male&interest=hiking%2Cswimming%2Ckayaking	http://localhost:3000
20230515	17:17:41	91609e6e-f21b-4eea-8ec1-92e878e0f732	MongoServerError: PlanExecutor error during aggregation :: caused by :: The argument to $size must be an array, but was of type: null	GET	/users/filter?gender=male&interest=hiking%2Cswimming%2Ckayaking	http://localhost:3000
20230515	17:18:42	987f015c-8019-4d75-a70a-7966e6667722	MongoServerError: PlanExecutor error during aggregation :: caused by :: The argument to $size must be an array, but was of type: null	GET	/users/filter?gender=male&interest=hiking%2Cswimming%2Ckayaking	http://localhost:3000
20230515	17:19:43	e25459ac-26ca-496f-80ce-df5cd4a8c700	MongoServerError: PlanExecutor error during aggregation :: caused by :: The argument to $size must be an array, but was of type: null	GET	/users/filter?gender=male&interest=hiking%2Cswimming%2Ckayaking	http://localhost:3000
20230515	17:20:44	6daa2143-1397-48f1-97e6-13c26e60b500	MongoServerError: PlanExecutor error during aggregation :: caused by :: The argument to $size must be an array, but was of type: null	GET	/users/filter?gender=male&interest=hiking%2Cswimming%2Ckayaking	http://localhost:3000
20230515	17:21:45	2a000c90-2db6-4f38-ab94-a0f96cd34d56	MongoServerError: PlanExecutor error during aggregation :: caused by :: The argument to $size must be an array, but was of type: null	GET	/users/filter?gender=male&interest=hiking%2Cswimming%2Ckayaking	http://localhost:3000
20230515	17:22:46	53261572-9baf-4fd1-886c-f9f05970a7ba	MongoServerError: PlanExecutor error during aggregation :: caused by :: The argument to $size must be an array, but was of type: null	GET	/users/filter?gender=male&interest=hiking%2Cswimming%2Ckayaking	http://localhost:3000
20230515	17:23:34	971af46b-e25e-4a70-a1d5-cddd50cb9262	MongoServerError: PlanExecutor error during aggregation :: caused by :: The argument to $size must be an array, but was of type: null	GET	/users/filter?gender=male&interest=hiking%2Cswimming%2Ckayaking	http://localhost:3000
20230515	17:24:35	840ac0e2-ba1a-4026-8e86-f6541e215b1a	MongoServerError: PlanExecutor error during aggregation :: caused by :: The argument to $size must be an array, but was of type: null	GET	/users/filter?gender=male&interest=hiking%2Cswimming%2Ckayaking	http://localhost:3000
20230515	17:25:36	fca1ca56-8e7c-498b-b1a3-4c0fad417d63	MongoServerError: PlanExecutor error during aggregation :: caused by :: The argument to $size must be an array, but was of type: null	GET	/users/filter?gender=male&interest=hiking%2Cswimming%2Ckayaking	http://localhost:3000
20230515	17:26:37	e34fbac8-2acb-4426-8d82-f821fb530fd6	MongoServerError: PlanExecutor error during aggregation :: caused by :: The argument to $size must be an array, but was of type: null	GET	/users/filter?gender=male&interest=hiking%2Cswimming%2Ckayaking	http://localhost:3000
20230515	17:26:41	bba7a4c2-b100-4949-982e-c9b51ae38902	MongoServerError: PlanExecutor error during aggregation :: caused by :: The argument to $size must be an array, but was of type: null	GET	/users/filter?gender=male&interest=hiking%2Cswimming%2Ckayaking	http://localhost:3000
20230515	17:27:42	e177b6f4-7298-4b7d-8d6a-b39a10d94d2c	MongoServerError: PlanExecutor error during aggregation :: caused by :: The argument to $size must be an array, but was of type: null	GET	/users/filter?gender=male&interest=hiking%2Cswimming%2Ckayaking	http://localhost:3000
20230515	17:28:43	120ae64d-3a28-4b91-a0fa-96e9f33b7ecc	MongoServerError: PlanExecutor error during aggregation :: caused by :: The argument to $size must be an array, but was of type: null	GET	/users/filter?gender=male&interest=hiking%2Cswimming%2Ckayaking	http://localhost:3000
20230515	17:29:13	bd5be269-9caf-4380-85bf-b3397e5bb514	MongoServerError: PlanExecutor error during aggregation :: caused by :: The argument to $size must be an array, but was of type: null	GET	/users/filter?gender=male&interest=hiking%2Cswimming%2Ckayaking	http://localhost:3000
20230515	17:30:14	f855a0fa-b5eb-48b3-9950-4c931cf7af6d	MongoServerError: PlanExecutor error during aggregation :: caused by :: The argument to $size must be an array, but was of type: null	GET	/users/filter?gender=male&interest=hiking%2Cswimming%2Ckayaking	http://localhost:3000
20230515	17:31:15	578ab2be-bddd-4ec0-ac7f-d907980d6851	MongoServerError: PlanExecutor error during aggregation :: caused by :: The argument to $size must be an array, but was of type: null	GET	/users/filter?gender=male&interest=hiking%2Cswimming%2Ckayaking	http://localhost:3000
20230515	17:32:16	3c5b6d27-6d51-42cc-8d4a-d098d8d58670	MongoServerError: PlanExecutor error during aggregation :: caused by :: The argument to $size must be an array, but was of type: null	GET	/users/filter?gender=male&interest=hiking%2Cswimming%2Ckayaking	http://localhost:3000
20230515	17:32:44	61c691b6-5e54-46fb-bc93-99d5a1f7b8db	MongoServerError: PlanExecutor error during aggregation :: caused by :: The argument to $size must be an array, but was of type: null	GET	/users/filter?gender=male&interest=hiking%2Cswimming%2Ckayaking	http://localhost:3000
20230515	17:33:45	d5bb8455-37e3-4537-a52a-ed4ff2b9b72a	MongoServerError: PlanExecutor error during aggregation :: caused by :: The argument to $size must be an array, but was of type: null	GET	/users/filter?gender=male&interest=hiking%2Cswimming%2Ckayaking	http://localhost:3000
20230515	17:34:46	2307856c-cacd-4991-aee1-2ce09511f6c9	MongoServerError: PlanExecutor error during aggregation :: caused by :: The argument to $size must be an array, but was of type: null	GET	/users/filter?gender=male&interest=hiking%2Cswimming%2Ckayaking	http://localhost:3000
20230515	17:34:50	04f89c88-e5f3-454f-ba33-1c885fe990f5	MongoServerError: PlanExecutor error during aggregation :: caused by :: The argument to $size must be an array, but was of type: null	GET	/users/filter?gender=male&interest=hiking%2Cswimming%2Ckayaking	http://localhost:3000
20230515	17:34:53	f0d9def7-78fa-451c-9fa2-05d07d87531d	MongoServerError: PlanExecutor error during aggregation :: caused by :: The argument to $size must be an array, but was of type: null	GET	/users/filter?gender=male&interest=hiking%2Cswimming%2Ckayaking	http://localhost:3000
20230515	17:35:05	c89c9cf5-d8be-4e36-a7a7-0a18b0ebfb24	MongoServerError: PlanExecutor error during aggregation :: caused by :: The argument to $size must be an array, but was of type: null	GET	/users/filter?gender=male&interest=hiking%2Cswimming%2Ckayaking	http://localhost:3000
20230515	17:35:05	c4b5f5fa-2f48-4825-b2db-3c08bbe33d8c	MongoServerError: PlanExecutor error during aggregation :: caused by :: The argument to $size must be an array, but was of type: null	GET	/users/filter?gender=male&interest=hiking%2Cswimming%2Ckayaking	http://localhost:3000
20230515	17:36:06	fe703fa1-80c3-411a-b8a4-e3ccc04be651	MongoServerError: PlanExecutor error during aggregation :: caused by :: The argument to $size must be an array, but was of type: null	GET	/users/filter?gender=male&interest=hiking%2Cswimming%2Ckayaking	http://localhost:3000
20230515	17:36:13	ef68a9e7-a074-45f5-976f-90e5c07c5284	SyntaxError: Expected ',' or '}' after property value in JSON at position 43	POST	/auth	undefined
20230515	17:36:40	79fbc670-6bd1-4252-92f5-2dd583e04e28	MongoServerError: PlanExecutor error during aggregation :: caused by :: The argument to $size must be an array, but was of type: null	GET	/users/filter	undefined
20230515	17:37:07	4048bcb6-3cd9-44eb-a2e7-cc497828a65d	MongoServerError: PlanExecutor error during aggregation :: caused by :: The argument to $size must be an array, but was of type: null	GET	/users/filter?gender=male&interest=hiking%2Cswimming%2Ckayaking	http://localhost:3000
20230515	17:37:15	e58ec7fb-1ef7-462f-9e99-b4c51c78cfa7	MongoServerError: PlanExecutor error during aggregation :: caused by :: The argument to $size must be an array, but was of type: null	GET	/users/filter?gender=male&interest=hiking%2Cswimming%2Ckayaking	http://localhost:3000
20230515	17:37:46	b9896968-51d8-4fe4-ad0e-1eb7e03325ec	MongoServerError: PlanExecutor error during aggregation :: caused by :: The argument to $size must be an array, but was of type: null	GET	/users/filter?gender=male&interest=[badminton,hiking,swimming]	undefined
20230515	17:38:02	0a6614c1-e5b4-4d74-b1d9-182245442fbc	MongoServerError: PlanExecutor error during aggregation :: caused by :: The argument to $size must be an array, but was of type: null	GET	/users/filter?gender=male&interest=[badminton,hiking,swimming]	undefined
20230515	17:38:11	c42a7da6-2d25-4afd-95da-40e80403019a	MongoServerError: PlanExecutor error during aggregation :: caused by :: The argument to $size must be an array, but was of type: null	GET	/users/filter?gender=male&interest=hiking%2Cswimming%2Ckayaking	http://localhost:3000
20230515	17:38:12	b9c85f71-09c3-474b-8698-b9f95317ea5e	MongoServerError: PlanExecutor error during aggregation :: caused by :: The argument to $size must be an array, but was of type: null	GET	/users/filter?gender=male&interest=hiking%2Cswimming%2Ckayaking	http://localhost:3000
20230515	17:39:14	fc5c05bb-8008-40f2-a076-5b802a811a78	MongoServerError: PlanExecutor error during aggregation :: caused by :: The argument to $size must be an array, but was of type: null	GET	/users/filter?gender=male&interest=hiking%2Cswimming%2Ckayaking	http://localhost:3000
20230515	17:40:15	5f77314e-2e30-4f3b-81a6-44c2e49d6446	MongoServerError: PlanExecutor error during aggregation :: caused by :: The argument to $size must be an array, but was of type: null	GET	/users/filter?gender=male&interest=hiking%2Cswimming%2Ckayaking	http://localhost:3000
20230515	17:40:27	507f1be8-1243-4be1-b475-26680a173157	MongoServerError: PlanExecutor error during aggregation :: caused by :: The argument to $size must be an array, but was of type: null	GET	/users/filter?gender=male&interest=hiking%2Cswimming%2Ckayaking	http://localhost:3000
20230515	17:40:36	cd0de342-2a69-4612-b5a8-c7904fed5bcd	MongoServerError: PlanExecutor error during aggregation :: caused by :: The argument to $size must be an array, but was of type: null	GET	/users/filter?gender=male&interest=hiking%2Cswimming%2Ckayaking	http://localhost:3000
20230515	17:40:38	006d734d-ed11-4415-86be-7c4f76b2893f	MongoServerError: PlanExecutor error during aggregation :: caused by :: The argument to $size must be an array, but was of type: null	GET	/users/filter?	http://localhost:3000
20230515	17:40:41	8fbdecba-5d2e-435f-9084-ae2d815dc727	MongoServerError: PlanExecutor error during aggregation :: caused by :: The argument to $size must be an array, but was of type: null	GET	/users/filter?gender=male&interest=hiking%2Cswimming%2Ckayaking	http://localhost:3000
20230515	17:40:55	2c4fc25e-3505-4290-8dbf-37af90779ae7	MongoServerError: PlanExecutor error during aggregation :: caused by :: The argument to $size must be an array, but was of type: null	GET	/users/filter?gender=male&interest=hiking%2Cswimming%2Ckayaking	http://localhost:3000
20230515	17:41:32	7322fd61-83f5-48e9-bf52-c7635fbb20c1	MongoServerError: PlanExecutor error during aggregation :: caused by :: The argument to $size must be an array, but was of type: null	GET	/users/filter?gender=male&interest=hiking%2Cswimming%2Ckayaking	http://localhost:3000
20230515	17:41:34	b3bb2993-134a-48ce-8bd4-a763d31418d8	MongoServerError: PlanExecutor error during aggregation :: caused by :: The argument to $size must be an array, but was of type: null	GET	/users/filter?gender=male&interest=hiking%2Cswimming%2Ckayaking	http://localhost:3000
20230515	17:41:35	f21606bc-4523-49d4-aad1-37c2293fb0f1	MongoServerError: PlanExecutor error during aggregation :: caused by :: The argument to $size must be an array, but was of type: null	GET	/users/filter?gender=male&interest=hiking%2Cswimming%2Ckayaking	http://localhost:3000
20230515	17:42:19	19da8861-1d98-4694-b95d-876ec025fa14	MongoServerError: PlanExecutor error during aggregation :: caused by :: The argument to $size must be an array, but was of type: null	GET	/users/filter?gender=male&interest=[badminton,hiking,swimming]	undefined
20230515	17:42:21	e0a70412-e309-4e5c-85f8-89773d52fac3	MongoServerError: PlanExecutor error during aggregation :: caused by :: The argument to $size must be an array, but was of type: null	GET	/users/filter?gender=male&interest=hiking%2Cswimming%2Ckayaking	http://localhost:3000
20230515	17:42:22	5a693569-f996-4ebd-867d-616aff9b3c0f	MongoServerError: PlanExecutor error during aggregation :: caused by :: The argument to $size must be an array, but was of type: null	GET	/users/filter?gender=male&interest=hiking%2Cswimming%2Ckayaking	http://localhost:3000
20230515	17:42:42	2480a280-19f8-4eb5-8ec7-b59038c737b5	MongoServerError: PlanExecutor error during aggregation :: caused by :: The argument to $size must be an array, but was of type: null	GET	/users/filter?gender=male&interest=[badminton,hiking,swimming]	undefined
20230515	17:43:07	df5b9047-6de6-4840-a2c7-0df51fd28a66	MongoServerError: PlanExecutor error during aggregation :: caused by :: The argument to $size must be an array, but was of type: null	GET	/users/filter?%22gender%22=%22male%22&%22interest%22=[%22badminton%22,%22hiking%22,%22swimming%22]	undefined
20230515	17:43:23	a5328159-cc14-4e14-9681-39ed6f6dbe92	MongoServerError: PlanExecutor error during aggregation :: caused by :: The argument to $size must be an array, but was of type: null	GET	/users/filter?gender=male&interest=hiking%2Cswimming%2Ckayaking	http://localhost:3000
20230515	17:44:20	f7172a72-495a-40df-802b-0828b7a8bace	TypeError: Assignment to constant variable.	GET	/users/filter	undefined
20230515	17:44:24	fdb8cd9a-eba7-4749-a25e-678c0438d93a	TypeError: Assignment to constant variable.	GET	/users/filter?gender=male&interest=hiking%2Cswimming%2Ckayaking	http://localhost:3000
20230515	17:44:24	ae70b720-dd78-4e50-b5f7-0a83554f1ca7	TypeError: Assignment to constant variable.	GET	/users/filter?gender=male&interest=hiking%2Cswimming%2Ckayaking	http://localhost:3000
20230515	17:47:34	14c6a11a-119b-45d0-aeab-7655f944beda	MongoServerError: PlanExecutor error during aggregation :: caused by :: The argument to $size must be an array, but was of type: null	GET	/users/filter?gender=male&interest=hiking%2Cswimming%2Ckayaking	http://localhost:3000
20230515	17:47:40	83f49ab6-afd2-4d37-8aa8-37052b59a560	MongoServerError: PlanExecutor error during aggregation :: caused by :: The argument to $size must be an array, but was of type: null	GET	/users/filter?gender=male&interest=hiking%2Cswimming%2Ckayaking	http://localhost:3000
20230515	17:48:41	d84eaec8-4dc6-46b8-b156-9a99614337c6	MongoServerError: PlanExecutor error during aggregation :: caused by :: The argument to $size must be an array, but was of type: null	GET	/users/filter?gender=male&interest=hiking%2Cswimming%2Ckayaking	http://localhost:3000
20230515	22:42:05	e916f281-9979-4bd2-8360-af3d64541605	MongoServerError: PlanExecutor error during aggregation :: caused by :: The argument to $size must be an array, but was of type: null	POST	/users/filter	undefined
20230516	16:12:00	60bead85-e80c-4ecf-b76e-8baeb7ea011d	MongoServerError: PlanExecutor error during aggregation :: caused by :: The argument to $size must be an array, but was of type: null	POST	/users/filter	http://localhost:3000
20230516	16:12:53	768f8f11-e9ce-4d33-bdd9-9823b7bfe9c6	MongoServerError: PlanExecutor error during aggregation :: caused by :: The argument to $size must be an array, but was of type: null	POST	/users/filter	http://localhost:3000
20230516	19:48:25	0c52e3dd-ccb6-4b79-b152-4bb42ec8cb69	Too Many Requests: Too many login attempts from this IP, please try again after a 60 seconds pause	POST	/	http://localhost:3000
20230516	19:48:39	ec3ac2b9-4d45-462c-9cd9-f3c56c93ef29	Too Many Requests: Too many login attempts from this IP, please try again after a 60 seconds pause	POST	/	http://localhost:3000
20230516	21:19:11	bd09c09e-0bc7-4af1-8f9f-23f9d808a5ff	MongoServerError: PlanExecutor error during aggregation :: caused by :: The argument to $size must be an array, but was of type: null	POST	/users/filter	http://localhost:3000
20230516	21:19:52	5332a6fc-7abe-4b5e-97d8-46220fdf363c	MongoServerError: PlanExecutor error during aggregation :: caused by :: The argument to $size must be an array, but was of type: null	POST	/users/filter	http://localhost:3000
20230516	21:20:57	2b15d532-5d34-458e-a0b9-4b918c8a5903	MongoServerError: PlanExecutor error during aggregation :: caused by :: The argument to $size must be an array, but was of type: null	POST	/users/filter	http://localhost:3000
20230516	21:21:11	af800db8-b290-4e3d-a4b3-f907fb66b09d	MongoServerError: PlanExecutor error during aggregation :: caused by :: The argument to $size must be an array, but was of type: null	POST	/users/filter	http://localhost:3000
20230516	21:41:30	37febfd5-17c2-4506-af64-caa55c5d403e	MongoServerError: PlanExecutor error during aggregation :: caused by :: The argument to $size must be an array, but was of type: null	POST	/users/filter	http://localhost:3000
20230516	22:55:28	19454f6f-daa6-47c6-b278-92957b5f0000	MongoServerError: PlanExecutor error during aggregation :: caused by :: The argument to $size must be an array, but was of type: null	POST	/users/filter	http://localhost:3000
20230516	22:56:30	a18ed01b-9ae8-4186-80e6-94b115607fed	MongoServerError: PlanExecutor error during aggregation :: caused by :: The argument to $size must be an array, but was of type: null	POST	/users/filter	http://localhost:3000
20230516	22:56:33	9e8066a9-8a83-4a44-a408-0a91f954d3c1	MongoServerError: PlanExecutor error during aggregation :: caused by :: The argument to $size must be an array, but was of type: null	POST	/users/filter	http://localhost:3000
20230516	23:15:11	05d5f40e-315c-4cc9-a465-86de746d59ee	MongoServerError: PlanExecutor error during aggregation :: caused by :: The argument to $size must be an array, but was of type: null	POST	/users/filter	http://localhost:3000
20230516	23:15:14	608f80ba-db5e-43f1-bc9e-336536ff5d96	MongoServerError: PlanExecutor error during aggregation :: caused by :: The argument to $size must be an array, but was of type: null	POST	/users/filter	http://localhost:3000
20230516	23:15:25	4eeebf95-2981-4357-af0b-2f96687859e4	MongoServerError: PlanExecutor error during aggregation :: caused by :: The argument to $size must be an array, but was of type: null	POST	/users/filter	http://localhost:3000
20230516	23:17:35	fc62226d-bd84-41d4-bb70-7c55f85225a9	MongoServerError: PlanExecutor error during aggregation :: caused by :: The argument to $size must be an array, but was of type: null	POST	/users/filter	http://localhost:3000
20230516	23:17:37	ff2c987b-be82-4f6d-8601-e959205de3c0	MongoServerError: PlanExecutor error during aggregation :: caused by :: The argument to $size must be an array, but was of type: null	POST	/users/filter	http://localhost:3000
20230516	23:22:14	49cab916-496a-4a2b-8299-c8623090f487	MongoServerError: PlanExecutor error during aggregation :: caused by :: The argument to $size must be an array, but was of type: null	POST	/users/filter	http://localhost:3000
20230516	23:24:49	fcfd8479-8ade-4aba-8c78-89722f8c281e	MongoServerError: PlanExecutor error during aggregation :: caused by :: The argument to $size must be an array, but was of type: null	POST	/users/filter	http://localhost:3000
20230516	23:24:53	46ce0390-8c33-495a-bf58-054a6e2a169b	MongoServerError: PlanExecutor error during aggregation :: caused by :: The argument to $size must be an array, but was of type: null	POST	/users/filter	http://localhost:3000
20230516	23:26:31	623a0a60-d4e8-4e7c-8c73-8eb8bdfc9bab	MongoServerError: PlanExecutor error during aggregation :: caused by :: The argument to $size must be an array, but was of type: null	POST	/users/filter	http://localhost:3000
20230516	23:30:16	219f87fd-516b-450b-bce2-4a4190004fe4	MongoServerError: PlanExecutor error during aggregation :: caused by :: The argument to $size must be an array, but was of type: null	POST	/users/filter	http://localhost:3000
20230516	23:30:19	ad7eefb2-bfcd-4e86-a73c-1dd3cee94e6a	MongoServerError: PlanExecutor error during aggregation :: caused by :: The argument to $size must be an array, but was of type: null	POST	/users/filter	http://localhost:3000
20230516	23:45:17	48deb377-b450-4ff5-b869-803588ade85c	MongoServerError: PlanExecutor error during aggregation :: caused by :: The argument to $size must be an array, but was of type: null	GET	/users/filter?	http://localhost:3000
20230516	23:45:19	8bcc40cc-d6f4-46c9-ac1b-e2f5c429adbc	MongoServerError: PlanExecutor error during aggregation :: caused by :: The argument to $size must be an array, but was of type: null	GET	/users/filter?gender=male&interest=hiking%2Cswimming%2Ckayaking	http://localhost:3000
20230516	23:45:39	23082c4e-64e2-403f-97bd-4b7a6a8f454c	MongoServerError: PlanExecutor error during aggregation :: caused by :: The argument to $size must be an array, but was of type: null	GET	/users/filter?gender=male&interest=kelvin%2Ckelly%2Cchanel	http://localhost:3000
20230516	23:54:43	e1577319-363e-479a-af0b-684d2e2879f7	MongoServerError: PlanExecutor error during aggregation :: caused by :: The argument to $size must be an array, but was of type: null	GET	/users/filter?gender=male&interest=kelvin%2Ckelly%2Cchanel	http://localhost:3000
20230516	23:54:54	ecb6e020-b1c5-47fa-9412-9ed97de47c73	MongoServerError: PlanExecutor error during aggregation :: caused by :: The argument to $size must be an array, but was of type: null	GET	/users/filter?	http://localhost:3000
20230516	23:54:56	b4616d59-601c-41da-b543-a91ff53de088	MongoServerError: PlanExecutor error during aggregation :: caused by :: The argument to $size must be an array, but was of type: null	GET	/users/filter?gender=male&interest=kelvin%2Ckelly%2Cchanel	http://localhost:3000
20230516	23:55:45	2ec8ad96-793c-4690-9e16-472edd449b14	MongoServerError: PlanExecutor error during aggregation :: caused by :: The argument to $size must be an array, but was of type: null	GET	/users/filter?	http://localhost:3000
20230516	23:55:47	9537f87a-8c7b-4578-8347-a4fa0d6714bf	MongoServerError: PlanExecutor error during aggregation :: caused by :: The argument to $size must be an array, but was of type: null	GET	/users/filter?gender=male&interest=kelvin%2Ckelly%2Cchanel	http://localhost:3000
20230516	23:56:36	6773f219-0a9f-4eff-ac8d-79edb49b86fb	MongoServerError: PlanExecutor error during aggregation :: caused by :: The argument to $size must be an array, but was of type: null	POST	/users/filter	http://localhost:3000
20230517	00:06:56	9b8e310d-62ec-4a24-bc1c-64b88cf91899	MongoServerError: PlanExecutor error during aggregation :: caused by :: The argument to $size must be an array, but was of type: null	POST	/users/filter	http://localhost:3000
20230517	01:27:07	ea4fb2b3-1f7a-477a-88c7-6c7a4f1c47b3	MongoServerError: PlanExecutor error during aggregation :: caused by :: The argument to $size must be an array, but was of type: null	POST	/users/filter	http://localhost:3000
20230517	01:27:47	b273e5af-4c0a-40f7-88fc-ea7a5360c8b7	MongoServerError: PlanExecutor error during aggregation :: caused by :: The argument to $size must be an array, but was of type: null	POST	/users/filter	http://localhost:3000
20230517	01:29:58	0616cc55-31f1-4582-b443-ca09c9ded29d	SyntaxError: Expected ',' or '}' after property value in JSON at position 43	POST	/auth	undefined
20230517	01:30:32	fae2e815-6c26-4070-aab9-bba80de453bd	MongoServerError: PlanExecutor error during aggregation :: caused by :: The argument to $size must be an array, but was of type: null	POST	/users/filter	undefined
20230517	01:37:32	cd6118d5-1c9a-4ae1-ac84-5db8f21730f6	MongoServerError: PlanExecutor error during aggregation :: caused by :: The argument to $size must be an array, but was of type: null	POST	/users/filter	http://localhost:3000
20230517	01:37:40	165a68da-dedb-4644-98fa-ad79e627a726	MongoServerError: PlanExecutor error during aggregation :: caused by :: The argument to $size must be an array, but was of type: null	POST	/users/filter	http://localhost:3000
20230517	01:38:23	9408e2f9-913d-45c7-9768-33184c25c70f	MongoServerError: PlanExecutor error during aggregation :: caused by :: The argument to $size must be an array, but was of type: null	POST	/users/filter	http://localhost:3000
20230517	01:39:29	faff603e-4313-47e1-b3e8-7c7df5755791	MongoServerError: PlanExecutor error during aggregation :: caused by :: The argument to $size must be an array, but was of type: null	POST	/users/filter	http://localhost:3000
20230517	01:40:07	8f91dadd-7787-4f7d-9a00-3866c4049a46	MongoServerError: PlanExecutor error during aggregation :: caused by :: The argument to $size must be an array, but was of type: null	POST	/users/filter	http://localhost:3000
20230517	01:40:30	c0d8b7b5-cb7f-4647-8dce-d23300aff2d7	MongoServerError: PlanExecutor error during aggregation :: caused by :: The argument to $size must be an array, but was of type: null	POST	/users/filter	http://localhost:3000
20230517	14:58:40	fd15a67c-2fb9-40c0-8247-977ac2c9c2e6	MongoServerError: PlanExecutor error during aggregation :: caused by :: The argument to $size must be an array, but was of type: null	POST	/users/filter	http://localhost:3000
20230517	14:58:44	629c7fe2-1b61-429f-bb28-d9101828c57c	MongoServerError: PlanExecutor error during aggregation :: caused by :: The argument to $size must be an array, but was of type: null	POST	/users/filter	http://localhost:3000
20230517	14:58:49	029d6d40-e407-44c3-afa0-076aba2895a9	MongoServerError: PlanExecutor error during aggregation :: caused by :: The argument to $size must be an array, but was of type: null	POST	/users/filter	http://localhost:3000
20230517	14:59:26	48ba0782-4fad-45a2-933b-63aedc3f891e	MongoServerError: PlanExecutor error during aggregation :: caused by :: The argument to $size must be an array, but was of type: null	POST	/users/filter	http://localhost:3000
20230517	14:59:35	4260f2bf-173f-4f93-baeb-2ddf1cd4b8a3	MongoServerError: PlanExecutor error during aggregation :: caused by :: The argument to $size must be an array, but was of type: null	POST	/users/filter	http://localhost:3000
20230517	14:59:40	6911b48c-ac47-46ad-87cd-d50e9f109e56	MongoServerError: PlanExecutor error during aggregation :: caused by :: The argument to $size must be an array, but was of type: null	POST	/users/filter	http://localhost:3000
20230517	15:05:35	78ea3045-4f47-431e-aa15-6267bb0c1baf	MongoServerError: PlanExecutor error during aggregation :: caused by :: The argument to $size must be an array, but was of type: null	POST	/users/filter	http://localhost:3000
20230517	15:05:37	c3377eef-5093-4850-95e7-fc6ded52d348	MongoServerError: PlanExecutor error during aggregation :: caused by :: The argument to $size must be an array, but was of type: null	POST	/users/filter	http://localhost:3000
20230517	15:05:40	aa7c36fa-d5ab-4e2b-88de-61e538cf2053	MongoServerError: PlanExecutor error during aggregation :: caused by :: The argument to $size must be an array, but was of type: null	POST	/users/filter	http://localhost:3000
20230517	15:05:52	a396a9d4-62cd-460e-beac-df643fb60b35	MongoServerError: PlanExecutor error during aggregation :: caused by :: The argument to $size must be an array, but was of type: null	POST	/users/filter	http://localhost:3000
20230517	15:07:28	3569d61c-47b5-4b69-b417-12f7d677ccd6	MongoServerError: PlanExecutor error during aggregation :: caused by :: The argument to $size must be an array, but was of type: null	POST	/users/filter	http://localhost:3000
20230517	15:19:33	7881ba56-bca5-4c4c-ae7e-74624ae6c35d	MongoServerError: PlanExecutor error during aggregation :: caused by :: The argument to $size must be an array, but was of type: null	POST	/users/filter	http://localhost:3000
20230517	15:20:17	626af6ca-e5e9-4802-a4da-d3c16c931e6e	MongoServerError: PlanExecutor error during aggregation :: caused by :: The argument to $size must be an array, but was of type: null	POST	/users/filter	http://localhost:3000
20230517	15:21:58	aba898c7-497d-410f-87a6-ef55cc884572	MongoServerError: PlanExecutor error during aggregation :: caused by :: The argument to $size must be an array, but was of type: null	POST	/users/filter	http://localhost:3000
20230517	15:22:10	21018bd6-d843-476b-80ab-522020189792	MongoServerError: PlanExecutor error during aggregation :: caused by :: The argument to $size must be an array, but was of type: null	POST	/users/filter	http://localhost:3000
20230517	15:22:22	7efc7e40-5516-4203-8ebc-7ac6397a2241	MongoServerError: PlanExecutor error during aggregation :: caused by :: The argument to $size must be an array, but was of type: null	POST	/users/filter	http://localhost:3000
20230517	15:26:44	f87305f9-afeb-4c58-86a9-48fc1a4d7310	MongoServerError: PlanExecutor error during aggregation :: caused by :: The argument to $size must be an array, but was of type: null	POST	/users/filter	http://localhost:3000
20230517	15:26:49	a57eec67-7063-4fec-b296-8b14370a8f87	MongoServerError: PlanExecutor error during aggregation :: caused by :: The argument to $size must be an array, but was of type: null	POST	/users/filter	http://localhost:3000
20230517	15:27:49	a5c72bae-1c7e-4ed7-8292-25d3e752c658	MongoServerError: PlanExecutor error during aggregation :: caused by :: The argument to $size must be an array, but was of type: null	POST	/users/filter	http://localhost:3000
20230517	15:28:05	47fe8d93-bff4-4f94-be25-e6b7746d27c7	MongoServerError: PlanExecutor error during aggregation :: caused by :: The argument to $size must be an array, but was of type: null	POST	/users/filter	http://localhost:3000
20230517	15:28:35	5814594c-9817-4523-ba84-ffc7432249a2	MongoServerError: PlanExecutor error during aggregation :: caused by :: The argument to $size must be an array, but was of type: null	POST	/users/filter	http://localhost:3000
20230517	15:28:54	0c932e29-6ba2-4776-a659-2ac686145b0c	MongoServerError: PlanExecutor error during aggregation :: caused by :: The argument to $size must be an array, but was of type: null	POST	/users/filter	http://localhost:3000
20230517	15:39:50	edc691eb-7614-4f28-b4a5-0723cd32bc25	MongoServerError: PlanExecutor error during aggregation :: caused by :: The argument to $size must be an array, but was of type: null	POST	/users/filter	http://localhost:3000
20230517	15:40:07	61480f7a-4812-4b65-bf32-a0ffa7c2aa91	MongoServerError: PlanExecutor error during aggregation :: caused by :: The argument to $size must be an array, but was of type: null	POST	/users/filter	http://localhost:3000
20230517	15:40:11	5187e0db-63f4-44c4-9678-ba90849d561d	MongoServerError: PlanExecutor error during aggregation :: caused by :: The argument to $size must be an array, but was of type: null	POST	/users/filter	http://localhost:3000
20230517	15:40:16	44cef2a9-a1ff-4ad4-927c-f9a6fd23f983	MongoServerError: PlanExecutor error during aggregation :: caused by :: The argument to $size must be an array, but was of type: null	POST	/users/filter	http://localhost:3000
20230517	15:45:45	095f64fa-3aab-4aed-a3a6-e522d629da76	MongoServerError: PlanExecutor error during aggregation :: caused by :: The argument to $size must be an array, but was of type: null	POST	/users/filter	http://localhost:3000
20230517	15:53:58	d86baba3-7326-464b-944d-9f4e66f0be68	MongoServerError: PlanExecutor error during aggregation :: caused by :: The argument to $size must be an array, but was of type: null	POST	/users/filter	http://localhost:3000
20230517	15:54:10	4165b136-94b2-4bbc-9168-2fceec13e33b	MongoServerError: PlanExecutor error during aggregation :: caused by :: The argument to $size must be an array, but was of type: null	POST	/users/filter	http://localhost:3000
20230517	15:54:58	48b49df1-ed16-401f-984e-07bcbc4a6e15	MongoServerError: PlanExecutor error during aggregation :: caused by :: The argument to $size must be an array, but was of type: null	POST	/users/filter	http://localhost:3000
20230517	15:57:26	c2f81df3-ed41-498b-98a7-b2813ff5d9ed	MongoServerError: PlanExecutor error during aggregation :: caused by :: The argument to $size must be an array, but was of type: null	POST	/users/filter	http://localhost:3000
20230517	15:57:33	448e2b12-8702-4007-a936-5f20ee7302b6	MongoServerError: PlanExecutor error during aggregation :: caused by :: The argument to $size must be an array, but was of type: null	POST	/users/filter	http://localhost:3000
20230517	16:00:55	176cb823-83df-4672-a9af-e9c1e5c5c6f5	MongoServerError: PlanExecutor error during aggregation :: caused by :: The argument to $size must be an array, but was of type: null	POST	/users/filter	http://localhost:3000
20230517	16:01:01	22461d90-60f4-439d-8a3f-77e5fae125b7	MongoServerError: PlanExecutor error during aggregation :: caused by :: The argument to $size must be an array, but was of type: null	POST	/users/filter	http://localhost:3000
20230517	16:02:08	5bfeb0cc-c8f9-400d-8efb-2e26e7cd7c13	MongoServerError: PlanExecutor error during aggregation :: caused by :: The argument to $size must be an array, but was of type: null	POST	/users/filter	http://localhost:3000
20230517	16:02:50	16e7e8ac-94c5-452c-95e9-61f691ef7f22	MongoServerError: PlanExecutor error during aggregation :: caused by :: The argument to $size must be an array, but was of type: null	POST	/users/filter	http://localhost:3000
20230517	16:03:10	11104d2b-3748-4159-9bb6-2b9c23484853	MongoServerError: PlanExecutor error during aggregation :: caused by :: The argument to $size must be an array, but was of type: null	POST	/users/filter	http://localhost:3000
20230517	16:04:09	1a3ecce5-a378-4ba1-ad22-206dce2ade3c	MongoServerError: PlanExecutor error during aggregation :: caused by :: The argument to $size must be an array, but was of type: null	POST	/users/filter	http://localhost:3000
20230517	16:07:38	9417ea4d-5be2-45a6-8d06-5e4aae3597ad	MongoServerError: PlanExecutor error during aggregation :: caused by :: The argument to $size must be an array, but was of type: null	POST	/users/filter	http://localhost:3000
20230517	16:14:10	3e66c274-8ca3-4370-9cf3-928605421141	MongoServerError: PlanExecutor error during aggregation :: caused by :: The argument to $size must be an array, but was of type: null	POST	/users/filter	http://localhost:3000
20230517	16:59:10	d130c93e-cabc-4cce-acef-37270d4521fb	MongoServerError: PlanExecutor error during aggregation :: caused by :: The argument to $size must be an array, but was of type: null	POST	/users/filter	http://localhost:3000
20230517	17:00:10	30b43c0c-8b5c-4ea6-b150-d98b03c9a3b0	MongoServerError: PlanExecutor error during aggregation :: caused by :: The argument to $size must be an array, but was of type: null	POST	/users/filter	http://localhost:3000
20230517	17:12:32	3c8cd9a2-3318-45c2-ad91-b804de43dca0	MongoServerError: PlanExecutor error during aggregation :: caused by :: The argument to $size must be an array, but was of type: null	POST	/users/filter	http://localhost:3000
20230517	21:34:48	faa2a30f-4b8e-4d9f-850c-6ae86c9fd31b	MongoServerError: PlanExecutor error during aggregation :: caused by :: The argument to $size must be an array, but was of type: null	POST	/users/filter	http://localhost:3000
20230517	21:37:37	3ede7177-e188-44c1-aa64-6d4b59491a0f	MongoServerError: PlanExecutor error during aggregation :: caused by :: The argument to $size must be an array, but was of type: null	POST	/users/filter	http://localhost:3000
20230517	21:40:23	5d590d74-cdab-43f0-9661-41eb939693aa	MongoServerError: PlanExecutor error during aggregation :: caused by :: The argument to $size must be an array, but was of type: null	POST	/users/filter	http://localhost:3000
20230517	21:41:00	3ffa25a2-4362-4436-9c86-014320689bdc	MongoServerError: PlanExecutor error during aggregation :: caused by :: The argument to $size must be an array, but was of type: null	POST	/users/filter	http://localhost:3000
20230517	21:41:11	56702913-7693-4e03-8984-2ad9b1118e4f	MongoServerError: PlanExecutor error during aggregation :: caused by :: The argument to $size must be an array, but was of type: null	POST	/users/filter	http://localhost:3000
20230517	21:42:54	bedf5588-cbc8-4262-9759-29443576a4b5	MongoServerError: PlanExecutor error during aggregation :: caused by :: The argument to $size must be an array, but was of type: null	POST	/users/filter	http://localhost:3000
20230517	21:53:53	9ec1bb25-1aa0-4abb-8f02-ee4c931ca9a1	MongoServerError: PlanExecutor error during aggregation :: caused by :: The argument to $size must be an array, but was of type: null	POST	/users/filter	http://localhost:3000
20230517	21:56:29	7943cec4-a8a7-4533-9bfb-e9be162d9903	MongoServerError: PlanExecutor error during aggregation :: caused by :: The argument to $size must be an array, but was of type: null	POST	/users/filter	http://localhost:3000
20230518	13:19:56	04b84c49-44c4-4200-b7e3-113b9c12d2f8	MongoServerError: PlanExecutor error during aggregation :: caused by :: The argument to $size must be an array, but was of type: null	POST	/users/filter	http://localhost:3000
20230518	13:21:37	a5bad4cf-dde1-4ff8-a022-ada4d49fd945	MongoServerError: PlanExecutor error during aggregation :: caused by :: The argument to $size must be an array, but was of type: null	POST	/users/filter	http://localhost:3000
20230518	15:43:52	03b5eaab-83fc-4d4e-a3dd-8e6484511a09	MongoServerError: PlanExecutor error during aggregation :: caused by :: The argument to $size must be an array, but was of type: null	POST	/users/filter	http://localhost:3000
20230518	15:52:55	92aed544-f2ae-4e71-98fa-fbd92723b4ec	SyntaxError: Expected ',' or '}' after property value in JSON at position 44	POST	/auth	undefined
20230518	17:30:02	1d21ea44-7a0d-4722-b6b2-1513d4c6997e	MongoServerError: PlanExecutor error during aggregation :: caused by :: The argument to $size must be an array, but was of type: null	POST	/users/filter	http://localhost:3000
20230518	17:31:03	1333bbda-0d33-41d3-b38e-4cb06c81b9b7	MongoServerError: PlanExecutor error during aggregation :: caused by :: The argument to $size must be an array, but was of type: null	POST	/users/filter	http://localhost:3000
20230520	17:58:24	0e0116df-f503-4d05-831d-5ad6fdaa8378	MongoServerError: PlanExecutor error during aggregation :: caused by :: The argument to $size must be an array, but was of type: null	POST	/users/filter	http://localhost:3000
20230520	18:03:17	65b7d62b-9e34-4f8b-9d44-d4515e21d2ac	MongoServerError: PlanExecutor error during aggregation :: caused by :: The argument to $size must be an array, but was of type: null	POST	/users/filter	http://localhost:3000
20230520	18:04:18	5fc89931-d8f3-4a6d-9816-0030d0185337	MongoServerError: PlanExecutor error during aggregation :: caused by :: The argument to $size must be an array, but was of type: null	POST	/users/filter	http://localhost:3000
20230520	18:06:27	ecdb96f2-c01e-4cfe-8365-b6ca715d7522	MongoServerError: PlanExecutor error during aggregation :: caused by :: The argument to $size must be an array, but was of type: null	POST	/users/filter	http://localhost:3000
20230520	22:51:08	75089681-7a72-4314-80c7-cafaffd7e003	MongoServerError: PlanExecutor error during aggregation :: caused by :: The argument to $size must be an array, but was of type: null	POST	/users/filter	http://localhost:3000
20230520	23:49:50	dc48482a-8952-4600-85ca-b5e8cb33e3d2	MongoServerError: PlanExecutor error during aggregation :: caused by :: The argument to $size must be an array, but was of type: null	POST	/users/filter	http://localhost:3000
20230520	23:55:59	500ceda7-274f-4408-8aad-ebe1685f6579	MongoServerError: PlanExecutor error during aggregation :: caused by :: The argument to $size must be an array, but was of type: null	POST	/users/filter	http://localhost:3000
20230521	00:40:49	34dc1a1a-f88f-4072-93fe-053a071d96d5	TypeError: req.body is not a function	PATCH	/users/skip	undefined
20230521	01:04:24	52553940-be82-4748-bf76-4ebec7568629	SyntaxError: Expected ',' or '}' after property value in JSON at position 43	POST	/auth	undefined
20230521	01:05:46	6c6d9814-57fa-4a93-ab96-da86f180d6e0	ReferenceError: myFile is not defined	PATCH	/users	undefined
20230521	01:14:12	5e6ce6a4-0350-47f4-b32c-90bd455a67a2	SyntaxError: Expected double-quoted property name in JSON at position 45	POST	/users/availableUsers	undefined
20230521	01:17:50	6f7b4e41-310d-439e-8fcb-bffa909c712d	Error: Cannot set headers after they are sent to the client	POST	/users/availableUsers	undefined
20230521	01:18:44	44ee3f42-fe05-44ef-8444-22bbf7eb0a14	Error: Arguments must be aggregate pipeline operators	POST	/users/availableUsers	undefined
20230521	01:25:04	91b42691-6c34-42fb-a05c-2c60f1d54257	SyntaxError: Unexpected token 'S', ..."assword: "S9745616z""... is not valid JSON	POST	/auth	undefined
20230521	01:30:41	8024cc36-b778-4682-8ff0-e95254b74fb8	SyntaxError: Expected double-quoted property name in JSON at position 45	POST	/users/availableUsers	undefined
20230521	16:04:40	1a011fa2-0e71-4d3b-9411-31fb456501da	ReferenceError: cooldownPeriod is not defined	POST	/users/availableUsers	undefined
20230521	23:43:42	60d4196b-3d48-47ab-a27b-0d5e36ea7979	TypeError: Cannot read properties of undefined (reading 'map')	POST	/users/availableUsers	http://localhost:3000
20230521	23:44:12	6ad7382f-e5a1-45c2-a6d3-cf95f72fa53b	TypeError: Cannot read properties of undefined (reading 'map')	POST	/users/availableUsers	http://localhost:3000
20230522	00:42:46	9dd8e90a-1e06-41b3-9d85-1b196938d456	TypeError: Cannot read properties of undefined (reading 'push')	POST	/users/like	http://localhost:3000
20230522	00:42:50	7d93f02e-54fb-4785-9e95-17467f4329c4	TypeError: Cannot read properties of undefined (reading 'push')	POST	/users/like	http://localhost:3000
20230522	00:42:53	366e9047-0b34-403d-b30c-9e8d3d62ca7b	TypeError: Cannot read properties of undefined (reading 'push')	POST	/users/like	http://localhost:3000
20230522	16:42:04	bec0b48c-54aa-4df6-8a4e-ade3fac7bf41	TypeError: Cannot read properties of undefined (reading '_id')	POST	/users/availableUsers	http://localhost:3000
20230522	16:42:26	7cc9ea93-6288-4b93-a771-acbf0b41a057	TypeError: Cannot read properties of undefined (reading '_id')	POST	/users/availableUsers	http://localhost:3000
20230522	17:01:21	b3ab89ce-1d81-4b2c-bba8-6346ff7fb5c4	TypeError: Cannot read properties of undefined (reading '_id')	POST	/users/like	http://localhost:3000
20230522	17:21:40	31e2ad1c-2fb1-4ca3-82fe-4b546d2cdc54	TypeError: Cannot read properties of undefined (reading '_id')	POST	/users/availableUsers	http://localhost:3000
20230522	17:22:41	76622d99-08b7-407b-8ad1-1929f4d5eafc	TypeError: Cannot read properties of undefined (reading '_id')	POST	/users/availableUsers	http://localhost:3000
20230522	17:34:23	a6bb2947-0d09-4833-a6b0-95ba7652ea7d	TypeError: Cannot read properties of undefined (reading '_id')	POST	/users/availableUsers	http://localhost:3000
20230522	19:07:12	fca60085-1c73-494d-9526-1c19a64cfeb1	ReferenceError: mongoose is not defined	POST	/users/like	http://localhost:3000
20230522	19:09:47	cdb8d84c-6984-411b-9960-cbdace8eb85e	ReferenceError: mongoose is not defined	POST	/users/like	http://localhost:3000
20230522	19:18:02	9b70725d-11dc-442a-a425-0a5d4d3abd62	TypeError: Class constructor ObjectId cannot be invoked without 'new'	POST	/users/like	http://localhost:3000
20230523	16:02:40	988af35b-ca0e-4dc1-9da9-ce94db0491ce	SyntaxError: Expected ',' or '}' after property value in JSON at position 23	DELETE	/auth	undefined
20230605	12:00:27	d7293026-1a7e-4db6-93b1-50b7259e71e2	Error: Invalid atomic update value for $set. Expected an object, received function	POST	/users/like	http://localhost:3000
20230605	12:00:29	55e4c9c2-07b4-45e9-866e-9bd846460b27	Error: Invalid atomic update value for $set. Expected an object, received function	POST	/users/like	http://localhost:3000
20230605	12:06:11	8df25c9a-7d7e-40d4-b1fd-c0d9d38c9c3f	Error: Invalid atomic update value for $set. Expected an object, received function	POST	/users/like	http://localhost:3000
20230605	12:50:24	d32db9fe-5203-4848-b0f5-8aac3eef7f6d	Error: Invalid atomic update value for $set. Expected an object, received function	POST	/users/like	http://localhost:3000
20230605	12:51:17	b05bc464-3196-48d6-8690-55f62b718497	Error: Invalid atomic update value for $set. Expected an object, received function	POST	/users/like	http://localhost:3000
20230605	15:39:05	f51f9e24-e882-4f55-bf55-ab2d177c2d0e	Too Many Requests: Too many login attempts from this IP, please try again after a 60 seconds pause	POST	/	http://localhost:3000
20230605	15:39:21	9b3563a0-0b4e-4f54-97c9-d96bb066b6d3	Too Many Requests: Too many login attempts from this IP, please try again after a 60 seconds pause	POST	/	http://localhost:3000
20230605	16:09:22	8752513c-0e29-44c7-b6e8-fd10112938f5	SyntaxError: Unexpected token 'S', ..."assword: "S9745616z""... is not valid JSON	POST	/auth	undefined
20230608	17:54:38	b4d268c8-6a75-4521-bdbc-9b5c5514b901	TypeError: likedBy.likedUser.equals is not a function	POST	/users/like	http://localhost:3000
20230608	17:54:44	9d2cd33c-698e-41f1-bd9a-a3da788aaafb	TypeError: likedBy.likedUser.equals is not a function	POST	/users/like	http://localhost:3000
20230608	17:54:45	3a61da34-e853-47ad-b7a0-a6160617a2a7	TypeError: likedBy.likedUser.equals is not a function	POST	/users/like	http://localhost:3000
20230608	17:54:45	e6736430-9fc5-462a-9ed9-ea443bd11372	TypeError: likedBy.likedUser.equals is not a function	POST	/users/like	http://localhost:3000
20230608	17:54:45	f310edd8-34a5-49d0-b2dd-54752072c042	TypeError: likedBy.likedUser.equals is not a function	POST	/users/like	http://localhost:3000
20230608	17:54:46	d955b905-ac61-4d09-8009-a3ac2dd32395	TypeError: likedBy.likedUser.equals is not a function	POST	/users/like	http://localhost:3000
20230608	17:54:47	d4d87308-384f-4a51-aae8-299174111f50	TypeError: likedBy.likedUser.equals is not a function	POST	/users/like	http://localhost:3000
20230608	17:54:47	5e091c27-a724-48d8-a8fc-1eef842fa2b2	TypeError: likedBy.likedUser.equals is not a function	POST	/users/like	http://localhost:3000
20230608	17:54:47	8628fb1a-9ef9-4d39-a745-bea513323bf2	TypeError: likedBy.likedUser.equals is not a function	POST	/users/like	http://localhost:3000
20230608	17:54:47	e63e4b0b-3d9d-40fb-9905-ac5a87cde6c3	TypeError: likedBy.likedUser.equals is not a function	POST	/users/like	http://localhost:3000
20230608	17:54:47	7c1a6be9-613e-473a-8477-0926f5f58b13	TypeError: likedBy.likedUser.equals is not a function	POST	/users/like	http://localhost:3000
20230608	17:54:48	85526456-27f3-4973-9bd0-93f18d47fc87	TypeError: likedBy.likedUser.equals is not a function	POST	/users/like	http://localhost:3000
20230608	17:54:48	0238e8e5-0b01-4e2d-b7be-e1a969c2c144	TypeError: likedBy.likedUser.equals is not a function	POST	/users/like	http://localhost:3000
20230608	17:54:48	0652535f-8d6e-4c72-85ff-703950b4b7e3	TypeError: likedBy.likedUser.equals is not a function	POST	/users/like	http://localhost:3000
20230608	17:54:49	f7f0435b-16ca-4b5f-b394-aa3c06469e95	TypeError: likedBy.likedUser.equals is not a function	POST	/users/like	http://localhost:3000
20230608	17:54:49	5b3445a3-c3cf-4ced-a446-5750f59d155b	TypeError: likedBy.likedUser.equals is not a function	POST	/users/like	http://localhost:3000
20230608	17:54:50	abf9698c-5cba-460e-8e8a-74396dc39ee8	TypeError: likedBy.likedUser.equals is not a function	POST	/users/like	http://localhost:3000
20230608	17:54:50	da0bf838-37c9-4ae8-864e-0c7e24517a61	TypeError: likedBy.likedUser.equals is not a function	POST	/users/like	http://localhost:3000
20230608	17:54:50	1e414f22-12e8-4a19-87f7-33f3bf8fefc0	TypeError: likedBy.likedUser.equals is not a function	POST	/users/like	http://localhost:3000
20230608	17:54:50	ebceec22-8584-4b59-a135-787d90b4a1e2	TypeError: likedBy.likedUser.equals is not a function	POST	/users/like	http://localhost:3000
20230608	17:54:51	fbcc65a0-f9a4-4cef-b9f9-3a4adef61f8a	TypeError: likedBy.likedUser.equals is not a function	POST	/users/like	http://localhost:3000
20230608	17:54:51	149bd39b-aa87-49bf-9288-27e460bd3b01	TypeError: likedBy.likedUser.equals is not a function	POST	/users/like	http://localhost:3000
20230608	17:54:51	594957c6-40c0-49d4-9bd2-bc7a01b3d0cc	TypeError: likedBy.likedUser.equals is not a function	POST	/users/like	http://localhost:3000
20230608	17:54:51	adb26274-5c6b-4493-936b-e91799ab7cf7	TypeError: likedBy.likedUser.equals is not a function	POST	/users/like	http://localhost:3000
20230608	17:54:51	ddb2da6b-037e-4690-904a-93919284134c	TypeError: likedBy.likedUser.equals is not a function	POST	/users/like	http://localhost:3000
20230608	17:54:52	a260000e-7a1b-49f7-aa65-5f855b22d5c9	TypeError: likedBy.likedUser.equals is not a function	POST	/users/like	http://localhost:3000
20230608	17:54:52	e02c3dc6-a244-4cc2-ad0e-0a061325301b	TypeError: likedBy.likedUser.equals is not a function	POST	/users/like	http://localhost:3000
20230608	17:54:52	3b6c8196-8b3a-4184-a560-754320ef9f18	TypeError: likedBy.likedUser.equals is not a function	POST	/users/like	http://localhost:3000
20230608	17:54:56	8f0deab9-4fd8-4d65-8869-c310b87a00e6	TypeError: likedBy.likedUser.equals is not a function	POST	/users/like	http://localhost:3000
20230608	17:55:23	e60bfb45-5789-48a9-a8a3-f923caa280ff	TypeError: likedBy.likedUser.equals is not a function	POST	/users/like	http://localhost:3000
20230608	17:55:24	77b64210-713f-465e-bb6f-ee554f167eeb	TypeError: likedBy.likedUser.equals is not a function	POST	/users/like	http://localhost:3000
20230608	17:58:26	7e4dd74a-c9e7-47e0-81da-0f98ae82dfdf	TypeError: likedBy.likedUser.equals is not a function	POST	/users/like	http://localhost:3000
20230608	18:02:59	c2859a7b-946d-4011-9526-40480b36db35	TypeError: likedBy.likedUser.equals is not a function	POST	/users/like	http://localhost:3000
20230608	18:03:00	40baf7f5-a1ef-426b-979c-dcb052a0f533	TypeError: likedBy.likedUser.equals is not a function	POST	/users/like	http://localhost:3000
20230608	18:03:00	52ce61c3-9d0c-4e5f-b84b-8aaae01e74d0	TypeError: likedBy.likedUser.equals is not a function	POST	/users/like	http://localhost:3000
20230608	18:03:00	25bf5b7f-e12d-41bf-99bc-85d52e0203d7	TypeError: likedBy.likedUser.equals is not a function	POST	/users/like	http://localhost:3000
20230608	18:03:00	93b143d9-43fe-476c-b2fb-e893746eb2bb	TypeError: likedBy.likedUser.equals is not a function	POST	/users/like	http://localhost:3000
20230608	18:03:00	13c8a1f5-c65e-4220-93c0-d358030c4dd2	TypeError: likedBy.likedUser.equals is not a function	POST	/users/like	http://localhost:3000
20230608	18:03:00	d574bf57-5fea-4f73-86f9-3b7f3545afd7	TypeError: likedBy.likedUser.equals is not a function	POST	/users/like	http://localhost:3000
20230608	18:03:01	ce8902a4-88a0-4a98-9d86-748bb04ab873	TypeError: likedBy.likedUser.equals is not a function	POST	/users/like	http://localhost:3000
20230608	18:03:01	e32628a6-d81c-481b-bd4d-0da55d7a6b2f	TypeError: likedBy.likedUser.equals is not a function	POST	/users/like	http://localhost:3000
20230608	18:03:01	e60a11d7-4df3-4389-8c48-f66a89c3239c	TypeError: likedBy.likedUser.equals is not a function	POST	/users/like	http://localhost:3000
20230608	18:03:01	d2258dbe-c89e-41f5-9a14-e87d195ffacb	TypeError: likedBy.likedUser.equals is not a function	POST	/users/like	http://localhost:3000
20230608	18:03:01	a84544ff-84c8-4ec4-9391-e353a8e2dc99	TypeError: likedBy.likedUser.equals is not a function	POST	/users/like	http://localhost:3000
20230608	18:03:01	0d005a1e-64bd-43b0-9b44-58c6f9ef5c6f	TypeError: likedBy.likedUser.equals is not a function	POST	/users/like	http://localhost:3000
20230608	18:03:02	b954fa2f-e6a3-4d74-acb7-810a010eb156	TypeError: likedBy.likedUser.equals is not a function	POST	/users/like	http://localhost:3000
20230608	18:03:02	b2b9fea8-937d-44a4-a439-b69d5f8c3c66	TypeError: likedBy.likedUser.equals is not a function	POST	/users/like	http://localhost:3000
20230608	18:03:02	0da76616-2524-4a4f-91c4-a76462c007db	TypeError: likedBy.likedUser.equals is not a function	POST	/users/like	http://localhost:3000
20230608	18:03:03	495134ef-acdc-4ecc-877b-9d028175d9c8	TypeError: likedBy.likedUser.equals is not a function	POST	/users/like	http://localhost:3000
20230608	18:05:15	a2286c1d-005b-4f38-9583-e8c576f867ee	TypeError: likedBy.likedUser.equals is not a function	POST	/users/like	http://localhost:3000
20230608	18:09:56	f67ecb62-7f84-4a1f-bf3f-7e0f9e9ba1b8	TypeError: likedBy.likedUser.equals is not a function	POST	/users/like	http://localhost:3000
20230608	18:09:57	a683ca30-71c9-4669-9f67-19807fa5ce60	TypeError: likedBy.likedUser.equals is not a function	POST	/users/like	http://localhost:3000
20230608	18:09:58	322ea988-1632-46be-8f65-e6ac6d4700a2	TypeError: likedBy.likedUser.equals is not a function	POST	/users/like	http://localhost:3000
20230612	23:40:57	579245b3-ba74-460c-b2a8-60fe6ad5f4d1	Error: Cannot set headers after they are sent to the client	POST	/chat/createChat	undefined
20230614	16:39:27	b5f9bd15-a412-4341-9f86-1dc2c4fe4213	MongoServerSelectionError: getaddrinfo ENOTFOUND ac-vx6nemp-shard-00-01.6plonkw.mongodb.net	POST	/message/getMessages	undefined
20230618	00:13:56	49d9db6e-ce42-46d9-a144-af925fc5b6ae	MongoNetworkError: connection 3 to 3.0.168.41:27017 closed	POST	/message/addMessage	http://localhost:3000
